<?xml version="1.0" encoding="UTF-8"?>
<testsuite name="mancala.api.StartMancalaTest" tests="7" skipped="0" failures="0" errors="0" timestamp="2021-10-06T12:57:31" hostname="MBP-van-Gerard.sogyo.nl" time="1.353">
  <properties/>
  <testcase name="startingMancalaReturnsAGameWithoutAWinner()" classname="mancala.api.StartMancalaTest" time="1.319"/>
  <testcase name="startingMancalaShouldBeAllowed()" classname="mancala.api.StartMancalaTest" time="0.005"/>
  <testcase name="startingMancalaStartsANewSession()" classname="mancala.api.StartMancalaTest" time="0.013"/>
  <testcase name="startingMancalaSavesTheNamesInASession()" classname="mancala.api.StartMancalaTest" time="0.002"/>
  <testcase name="startingMancalaSavesTheNewGameInASession()" classname="mancala.api.StartMancalaTest" time="0.004"/>
  <testcase name="startingMancalaReturnsThePlayerData()" classname="mancala.api.StartMancalaTest" time="0.004"/>
  <testcase name="startingMancalaReturnsThePits()" classname="mancala.api.StartMancalaTest" time="0.002"/>
  <system-out><![CDATA[]]></system-out>
  <system-err><![CDATA[]]></system-err>
</testsuite>
