<?xml version="1.0" encoding="UTF-8"?>
<testsuite name="mancala.domain.FooTest" tests="1" skipped="0" failures="0" errors="0" timestamp="2021-09-28T09:48:42" hostname="MBP-van-Gerard.sogyo.nl" time="0.001">
  <properties/>
  <testcase name="aNormalBorlStartsWith4Stones()" classname="mancala.domain.FooTest" time="0.001"/>
  <system-out><![CDATA[]]></system-out>
  <system-err><![CDATA[]]></system-err>
</testsuite>
