<?xml version="1.0" encoding="UTF-8"?>
<testsuite name="mancala.domain.PlayerTest" tests="5" skipped="0" failures="0" errors="0" timestamp="2021-09-28T09:48:42" hostname="MBP-van-Gerard.sogyo.nl" time="0.003">
  <properties/>
  <testcase name="onlyPlayerOneIsActive()" classname="mancala.domain.PlayerTest" time="0.0"/>
  <testcase name="didNotSwitchPlayerWhenLastIsMancala()" classname="mancala.domain.PlayerTest" time="0.0"/>
  <testcase name="switchActiveAfterPlayerOneMove()" classname="mancala.domain.PlayerTest" time="0.001"/>
  <testcase name="switchActiveAfterPlayerTwoMove()" classname="mancala.domain.PlayerTest" time="0.0"/>
  <testcase name="PlayerhasOpponent()" classname="mancala.domain.PlayerTest" time="0.0"/>
  <system-out><![CDATA[23
24
24
]]></system-out>
  <system-err><![CDATA[]]></system-err>
</testsuite>
